<?xml version="1.0" encoding="UTF-8"?>
<coverage generated="1588018190">
  <project timestamp="1588018190">
    <package name="JsonMapper\LaravelPackage">
      <file name="/Users/danny/Projects/OSS/LaravelPackage/src/ServiceProvider.php">
        <class name="JsonMapper\LaravelPackage\ServiceProvider" namespace="JsonMapper\LaravelPackage">
          <metrics complexity="4" methods="2" coveredmethods="1" conditionals="0" coveredconditionals="0" statements="13" coveredstatements="10" elements="15" coveredelements="11"/>
        </class>
        <line num="18" type="method" name="register" visibility="public" complexity="3" crap="3.18" count="1"/>
        <line num="20" type="stmt" count="1"/>
        <line num="22" type="stmt" count="1"/>
        <line num="23" type="stmt" count="1"/>
        <line num="25" type="stmt" count="0"/>
        <line num="26" type="stmt" count="0"/>
        <line num="27" type="stmt" count="0"/>
        <line num="28" type="stmt" count="1"/>
        <line num="31" type="stmt" count="1"/>
        <line num="32" type="stmt" count="1"/>
        <line num="33" type="stmt" count="1"/>
        <line num="35" type="stmt" count="1"/>
        <line num="40" type="method" name="boot" visibility="public" complexity="1" crap="1" count="1"/>
        <line num="42" type="stmt" count="1"/>
        <line num="43" type="stmt" count="1"/>
        <metrics loc="44" ncloc="38" classes="1" methods="2" coveredmethods="1" conditionals="0" coveredconditionals="0" statements="13" coveredstatements="10" elements="15" coveredelements="11"/>
      </file>
    </package>
    <metrics files="1" loc="44" ncloc="38" classes="1" methods="2" coveredmethods="1" conditionals="0" coveredconditionals="0" statements="13" coveredstatements="10" elements="15" coveredelements="11"/>
  </project>
</coverage>
